2019-02-25 10:25:23 AM - root - INFO -src:  yufeng µÇÂ½
2019-02-25 10:25:38 AM - root - INFO -common:  yufeng µÇÂ½
2019-02-25 14:10:47 PM - root - INFO -common:  Kobe µÇÂ½
2019-02-25 14:11:57 PM - root - INFO -common:  James µÇÂ½
2019-02-25 14:16:26 PM - root - INFO -common:  Kobe µÇÂ½
2019-02-25 14:16:40 PM - root - INFO -common:  James µÇÂ½
2019-02-25 14:26:34 PM - root - INFO -common:  Kobe µÇÂ½
2019-02-25 14:28:34 PM - root - INFO -common:  Kobe µÇÂ½
2019-02-25 14:37:33 PM - root - INFO -common:  Kobe µÇÂ½
2019-02-25 14:45:47 PM - root - INFO -common:  Kobe µÇÂ½
2019-02-25 14:46:35 PM - root - INFO -common:  James µÇÂ½
2019-02-25 14:52:12 PM - root - INFO -common:  Kobe µÇÂ½
2019-02-25 14:52:23 PM - root - INFO -common:  James µÇÂ½
2019-02-25 14:52:48 PM - root - INFO -common:  James µÇÂ½
2019-02-25 14:58:05 PM - root - INFO -common:  Kobe µÇÂ½
2019-02-25 14:58:14 PM - root - INFO -common:  James µÇÂ½
2019-02-25 15:01:47 PM - root - INFO -common:  Kobe µÇÂ½
2019-02-25 15:02:02 PM - root - INFO -common:  James µÇÂ½
2019-02-25 15:04:22 PM - root - INFO -common:  Kobe µÇÂ½
2019-02-25 15:04:31 PM - root - INFO -common:  James µÇÂ½
2019-02-25 15:23:12 PM - root - INFO -common:  Kobe µÇÂ½
2019-02-25 15:23:29 PM - root - INFO -common:  James µÇÂ½
2019-02-25 15:25:23 PM - root - INFO -common:  Kobe µÇÂ½
2019-02-25 15:25:37 PM - root - INFO -common:  James µÇÂ½
2019-02-25 15:29:08 PM - root - INFO -common:  Kobe µÇÂ½
2019-02-25 15:29:22 PM - root - INFO -common:  James µÇÂ½
2019-02-25 15:32:33 PM - root - INFO -common:  Kobe µÇÂ½
2019-02-25 15:32:46 PM - root - INFO -common:  James µÇÂ½
2019-02-25 15:36:34 PM - root - INFO -common:  Kobe µÇÂ½
2019-02-25 15:36:49 PM - root - INFO -common:  James µÇÂ½
2019-02-25 16:14:36 PM - root - INFO -common:  Kobe µÇÂ½
2019-02-25 16:15:44 PM - root - INFO -common:  Kobe µÇÂ½
2019-02-25 16:16:16 PM - root - INFO -common:  Kobe µÇÂ½
2019-02-25 16:19:04 PM - root - INFO -common:  Kobe µÇÂ½
2019-02-25 16:21:22 PM - root - INFO -common:  Kobe µÇÂ½
2019-02-25 16:24:19 PM - root - INFO -common:  Kobe µÇÂ½
2019-02-25 16:24:33 PM - root - INFO -common:  James µÇÂ½
2019-02-25 16:25:32 PM - root - INFO -common:  Kobe µÇÂ½
2019-02-25 16:27:44 PM - root - INFO -common:  Kobe µÇÂ½
2019-02-25 16:28:06 PM - root - INFO -common:  James µÇÂ½
2019-02-25 16:28:25 PM - root - INFO -common:  Wade µÇÂ½
2019-02-25 16:32:04 PM - root - INFO -common:  Kobe µÇÂ½
2019-02-25 16:32:22 PM - root - INFO -common:  James µÇÂ½
2019-02-25 16:32:36 PM - root - INFO -common:  Wade µÇÂ½
2019-02-25 16:37:00 PM - root - INFO -common:  Kobe µÇÂ½
2019-02-25 16:37:19 PM - root - INFO -common:  James µÇÂ½
2019-02-25 16:37:34 PM - root - INFO -common:  Wade µÇÂ½
2019-02-25 16:44:36 PM - root - INFO -common:  Kobe µÇÂ½
2019-02-25 16:44:49 PM - root - INFO -common:  James µÇÂ½
2019-02-25 16:45:42 PM - root - INFO -common:  Kobe µÇÂ½
2019-02-25 16:46:05 PM - root - INFO -common:  James µÇÂ½
2019-02-25 17:01:55 PM - root - INFO -common:  Kobe µÇÂ½
2019-02-25 17:02:31 PM - root - INFO -common:  James µÇÂ½
2019-02-25 17:52:56 PM - root - INFO -common:  Kobe µÇÂ½
2019-02-25 17:53:05 PM - root - INFO -common:  James µÇÂ½
2019-02-25 17:55:05 PM - root - INFO -common:  Kobe µÇÂ½
2019-02-25 17:55:17 PM - root - INFO -common:  James µÇÂ½
2019-02-26 09:34:46 AM - root - INFO -common:  Kobe µÇÂ½
2019-02-26 09:35:29 AM - root - INFO -common:  Kobe µÇÂ½
2019-02-26 09:41:01 AM - root - INFO -common:  Kobe µÇÂ½
2019-02-26 09:41:14 AM - root - INFO -common:  James µÇÂ½
2019-02-26 09:48:02 AM - root - INFO -common:  Kobe µÇÂ½
2019-02-28 14:38:23 PM - root - INFO -common:  Kobe µÇÂ½
2019-02-28 14:38:33 PM - root - INFO -common:  James µÇÂ½
2019-02-28 14:42:32 PM - root - INFO -common:  Kobe µÇÂ½
2019-02-28 14:42:43 PM - root - INFO -common:  James µÇÂ½
2019-02-28 14:44:23 PM - root - INFO -common:  Kobe µÇÂ½
2019-02-28 14:48:08 PM - root - INFO -common:  Kobe µÇÂ½
2019-02-28 14:48:31 PM - root - INFO -common:  Kobe µÇÂ½
2019-02-28 14:48:50 PM - root - INFO -common:  James µÇÂ½
2019-02-28 14:53:30 PM - root - INFO -common:  Kobe µÇÂ½
2019-02-28 14:53:38 PM - root - INFO -common:  James µÇÂ½
2019-02-28 14:58:30 PM - root - INFO -common:  Kobe µÇÂ½
2019-02-28 15:00:16 PM - root - INFO -common:  Kobe µÇÂ½
2019-02-28 15:00:33 PM - root - INFO -common:  James µÇÂ½
2019-02-28 15:01:40 PM - root - INFO -common:  Kobe µÇÂ½
2019-02-28 15:01:51 PM - root - INFO -common:  James µÇÂ½
2019-02-28 15:05:34 PM - root - INFO -common:  Kobe µÇÂ½
2019-02-28 15:05:45 PM - root - INFO -common:  James µÇÂ½
2019-02-28 15:08:13 PM - root - INFO -common:  Kobe µÇÂ½
2019-02-28 15:08:22 PM - root - INFO -common:  James µÇÂ½
2019-02-28 15:12:01 PM - root - INFO -common:  Kobe µÇÂ½
2019-02-28 15:12:07 PM - root - INFO -common:  James µÇÂ½
2019-02-28 15:14:52 PM - root - INFO -common:  Kobe µÇÂ½
2019-02-28 15:15:00 PM - root - INFO -common:  James µÇÂ½
2019-02-28 15:18:40 PM - root - INFO -common:  Kobe µÇÂ½
2019-02-28 15:21:36 PM - root - INFO -common:  Kobe µÇÂ½
2019-02-28 15:21:47 PM - root - INFO -common:  James µÇÂ½
2019-02-28 15:24:55 PM - root - INFO -common:  Kobe µÇÂ½
2019-02-28 15:25:05 PM - root - INFO -common:  James µÇÂ½
2019-02-28 15:29:23 PM - root - INFO -common:  Kobe µÇÂ½
2019-02-28 15:29:31 PM - root - INFO -common:  James µÇÂ½
2019-02-28 15:31:16 PM - root - INFO -common:  Kobe µÇÂ½
2019-02-28 15:31:23 PM - root - INFO -common:  James µÇÂ½
2019-02-28 15:32:14 PM - root - INFO -common:  Kobe µÇÂ½
2019-02-28 15:32:25 PM - root - INFO -common:  James µÇÂ½
2019-02-28 15:40:19 PM - root - INFO -common:  Kobe µÇÂ½
2019-02-28 15:40:27 PM - root - INFO -common:  James µÇÂ½
2019-02-28 15:44:21 PM - root - INFO -common:  Kobe µÇÂ½
2019-02-28 15:44:35 PM - root - INFO -common:  James µÇÂ½
2019-02-28 15:54:51 PM - root - INFO -common:  Kobe µÇÂ½
2019-02-28 15:54:57 PM - root - INFO -common:  James µÇÂ½
2019-02-28 15:56:52 PM - root - INFO -common:  Kobe µÇÂ½
2019-02-28 15:56:57 PM - root - INFO -common:  James µÇÂ½
2019-02-28 16:00:30 PM - root - INFO -common:  Kobe µÇÂ½
2019-02-28 16:00:39 PM - root - INFO -common:  James µÇÂ½
2019-02-28 16:01:51 PM - root - INFO -common:  Kobe µÇÂ½
2019-02-28 16:01:58 PM - root - INFO -common:  James µÇÂ½
2019-02-28 16:08:10 PM - root - INFO -common:  Kobe µÇÂ½
2019-02-28 16:08:17 PM - root - INFO -common:  James µÇÂ½
2019-02-28 16:09:04 PM - root - INFO -common:  Kobe µÇÂ½
2019-02-28 16:09:10 PM - root - INFO -common:  James µÇÂ½
